<?xml version="1.0" encoding="UTF-8"?>
<testng-results ignored="0" total="1" passed="1" failed="0" skipped="0">
  <reporter-output>
  </reporter-output>
  <suite started-at="2026-04-16T19:35:11 IST" name="Default suite" finished-at="2026-04-16T19:35:28 IST" duration-ms="17045">
    <groups>
    </groups>
    <test started-at="2026-04-16T19:35:11 IST" name="Default test" finished-at="2026-04-16T19:35:28 IST" duration-ms="17045">
      <class name="VerifyLogin.LoginVerify">
        <test-method is-config="true" signature="setup()[pri:0, instance:VerifyLogin.LoginVerify@243c4f91]" started-at="2026-04-16T19:35:11 IST" name="setup" finished-at="2026-04-16T19:35:26 IST" duration-ms="14660" status="PASS">
          <reporter-output>
          </reporter-output>
        </test-method> <!-- setup -->
        <test-method signature="doCheckForgotPasswordLink()[pri:1, instance:VerifyLogin.LoginVerify@243c4f91]" started-at="2026-04-16T19:35:26 IST" name="doCheckForgotPasswordLink" finished-at="2026-04-16T19:35:28 IST" duration-ms="2032" status="PASS">
          <reporter-output>
          </reporter-output>
        </test-method> <!-- doCheckForgotPasswordLink -->
        <test-method is-config="true" signature="teardown()[pri:0, instance:VerifyLogin.LoginVerify@243c4f91]" started-at="2026-04-16T19:35:28 IST" name="teardown" finished-at="2026-04-16T19:35:28 IST" duration-ms="302" status="PASS">
          <reporter-output>
          </reporter-output>
        </test-method> <!-- teardown -->
      </class> <!-- VerifyLogin.LoginVerify -->
    </test> <!-- Default test -->
  </suite> <!-- Default suite -->
</testng-results>
