<?xml version="1.0" encoding="UTF-8"?>
<!-- Generated by org.testng.reporters.JUnitReportReporter -->
<testsuite hostname="DESKTOP-31EGOPG" failures="0" tests="2" name="SideBar.CheckSideBar" time="202.481" errors="0" timestamp="2026-04-28T20:30:55 IST" skipped="0">
  <testcase classname="SideBar.CheckSideBar" name="checkArrow" time="43.699"/>
  <system-out/>
  <testcase classname="SideBar.CheckSideBar" name="checkAllOptions" time="158.782"/>
  <system-out/>
</testsuite> <!-- SideBar.CheckSideBar -->
